<?xml version="1.0" encoding="UTF-8"?>
<!-- Generated by org.testng.reporters.JUnitXMLReporter -->
<testsuite ignored="1" hostname="DESKTOP-B1UU0SL" failures="1" tests="1" name="Default test(failed)" time="0.128" errors="0" timestamp="2022-01-29T13:14:07 EST">
  <testcase classname="com.testngannotation.TestClass" name="testCase2" time="0.025">
    <failure type="java.lang.AssertionError" message="expected [false] but found [true]">
      <![CDATA[java.lang.AssertionError: expected [false] but found [true]
at com.testngannotation.TestClass.testCase2(TestClass.java:13)
at java.base/java.util.ArrayList.forEach(ArrayList.java:1511)
... Removed 33 stack frames]]>
    </failure>
  </testcase> <!-- testCase2 -->
  <testcase classname="com.testngannotation.TestClass" name="testCase1" time="0.0">
    <ignored/>
  </testcase> <!-- testCase1 -->
</testsuite> <!-- Default test(failed) -->
