<?xml version="1.0" encoding="UTF-8"?>
<!-- Generated by org.testng.reporters.JUnitXMLReporter -->
<testsuite ignored="0" hostname="DESKTOP-B1UU0SL" failures="0" tests="6" name="Default test" time="0.143" errors="0" timestamp="2022-03-22T20:04:08 EDT">
  <testcase classname="com.testngannotation.GroupingExamble" name="apple1" time="0.022"/>
  <testcase classname="com.testngannotation.GroupingExamble" name="apple2" time="0.002"/>
  <testcase classname="com.testngannotation.GroupingExamble" name="moto1" time="0.001"/>
  <testcase classname="com.testngannotation.GroupingExamble" name="moto2" time="0.001"/>
  <testcase classname="com.testngannotation.GroupingExamble" name="vivo1" time="0.002"/>
  <testcase classname="com.testngannotation.GroupingExamble" name="vivo2" time="0.001"/>
</testsuite> <!-- Default test -->
