<?xml version="1.0" encoding="UTF-8"?>
<!-- Generated by org.testng.reporters.JUnitXMLReporter -->
<testsuite ignored="2" hostname="DESKTOP-B1UU0SL" failures="0" tests="1" name="Test" time="0.069" errors="0" timestamp="2021-12-06T18:49:37 EST">
  <testcase classname="com.testngannotation.IgnoreTest" name="searchMobile" time="0.011"/>
  <testcase classname="com.testngannotation.IgnoreTest" name="searchTv" time="0.0">
    <ignored/>
  </testcase> <!-- searchTv -->
  <testcase classname="com.testngannotation.IgnoreTest" name="searchAirpods" time="0.0">
    <ignored/>
  </testcase> <!-- searchAirpods -->
</testsuite> <!-- Test -->
