<?xml version="1.0" encoding="UTF-8"?>
<testng-results ignored="0" total="6" passed="6" failed="0" skipped="0">
  <reporter-output>
  </reporter-output>
  <suite started-at="2022-03-22T20:04:07 EDT" name="Default suite" finished-at="2022-03-22T20:04:07 EDT" duration-ms="143">
    <groups>
      <group name="Apple">
        <method signature="GroupingExamble.apple1()[pri:0, instance:com.testngannotation.GroupingExamble@49c386c8]" name="apple1" class="com.testngannotation.GroupingExamble"/>
        <method signature="GroupingExamble.apple2()[pri:0, instance:com.testngannotation.GroupingExamble@49c386c8]" name="apple2" class="com.testngannotation.GroupingExamble"/>
      </group> <!-- Apple -->
      <group name="Moto">
        <method signature="GroupingExamble.moto1()[pri:0, instance:com.testngannotation.GroupingExamble@49c386c8]" name="moto1" class="com.testngannotation.GroupingExamble"/>
        <method signature="GroupingExamble.moto2()[pri:0, instance:com.testngannotation.GroupingExamble@49c386c8]" name="moto2" class="com.testngannotation.GroupingExamble"/>
      </group> <!-- Moto -->
      <group name="vivo">
        <method signature="GroupingExamble.vivo1()[pri:0, instance:com.testngannotation.GroupingExamble@49c386c8]" name="vivo1" class="com.testngannotation.GroupingExamble"/>
        <method signature="GroupingExamble.vivo2()[pri:0, instance:com.testngannotation.GroupingExamble@49c386c8]" name="vivo2" class="com.testngannotation.GroupingExamble"/>
      </group> <!-- vivo -->
    </groups>
    <test started-at="2022-03-22T20:04:07 EDT" name="Default test" finished-at="2022-03-22T20:04:07 EDT" duration-ms="143">
      <class name="com.testngannotation.GroupingExamble">
        <test-method signature="apple1()[pri:0, instance:com.testngannotation.GroupingExamble@49c386c8]" started-at="2022-03-22T20:04:07 EDT" name="apple1" finished-at="2022-03-22T20:04:07 EDT" duration-ms="22" status="PASS">
          <reporter-output>
          </reporter-output>
        </test-method> <!-- apple1 -->
        <test-method signature="apple2()[pri:0, instance:com.testngannotation.GroupingExamble@49c386c8]" started-at="2022-03-22T20:04:07 EDT" name="apple2" finished-at="2022-03-22T20:04:07 EDT" duration-ms="2" status="PASS">
          <reporter-output>
          </reporter-output>
        </test-method> <!-- apple2 -->
        <test-method signature="moto1()[pri:0, instance:com.testngannotation.GroupingExamble@49c386c8]" started-at="2022-03-22T20:04:07 EDT" name="moto1" finished-at="2022-03-22T20:04:07 EDT" duration-ms="1" status="PASS">
          <reporter-output>
          </reporter-output>
        </test-method> <!-- moto1 -->
        <test-method signature="moto2()[pri:0, instance:com.testngannotation.GroupingExamble@49c386c8]" started-at="2022-03-22T20:04:07 EDT" name="moto2" finished-at="2022-03-22T20:04:07 EDT" duration-ms="1" status="PASS">
          <reporter-output>
          </reporter-output>
        </test-method> <!-- moto2 -->
        <test-method signature="vivo1()[pri:0, instance:com.testngannotation.GroupingExamble@49c386c8]" started-at="2022-03-22T20:04:07 EDT" name="vivo1" finished-at="2022-03-22T20:04:07 EDT" duration-ms="2" status="PASS">
          <reporter-output>
          </reporter-output>
        </test-method> <!-- vivo1 -->
        <test-method signature="vivo2()[pri:0, instance:com.testngannotation.GroupingExamble@49c386c8]" started-at="2022-03-22T20:04:07 EDT" name="vivo2" finished-at="2022-03-22T20:04:07 EDT" duration-ms="1" status="PASS">
          <reporter-output>
          </reporter-output>
        </test-method> <!-- vivo2 -->
      </class> <!-- com.testngannotation.GroupingExamble -->
    </test> <!-- Default test -->
  </suite> <!-- Default suite -->
</testng-results>
